Urgência odontológica em gestante
ATENCÃO: Link /bib/01_pa_urgencias_odonto_endo_2011_04_12.pdf não possui protocolo. Tentando http://
ATENCÃO: Link /bib/agenda_compro_crianca.pdf não possui protocolo. Tentando http://
ATENCÃO: Link /bib/caderno_17_saude_bucal.pdf não possui protocolo. Tentando http://
ATENCÃO: Link /bib/10_passos_alimentacao_saudavel.pdf não possui protocolo. Tentando http://
ATENCÃO: Link /bib/Navarro.pdf não possui protocolo. Tentando http://
Patologia e Cirurgia Oral em Odontopediatria
ATENCÃO: Link /bib/Caregnato.pdf não possui protocolo. Tentando http://
ATENCÃO: Link /bib/Coser.pdf não possui protocolo. Tentando http://
Puericultura aos cinco meses
Tratamento de lesão profunda de cárie
ATENCÃO: Link /bib/Lima_2007.pdf não possui protocolo. Tentando http://
ATENCÃO: Link /bib/Melo_2014.pdf não possui protocolo. Tentando http://
ATENCÃO: Link /bib/Andrade_et_al_2008.pdf não possui protocolo. Tentando http://
ATENCÃO: Link /bib/Parisotto_et_al_2010.pdf não possui protocolo. Tentando http://
ATENCÃO: Link /bib/Jardim_et_al_2015.pdf não possui protocolo. Tentando http://
ATENCÃO: Link /bib/Alves_2009.pdf não possui protocolo. Tentando http://
ATENCÃO: Link /bib/Frazon_2007.pdf não possui protocolo. Tentando http://
ATENCÃO: Link /bib/Jobim_2010.pdf não possui protocolo. Tentando http://
ATENCÃO: Link /bib/Bjorndal_et_al_2010.pdf não possui protocolo. Tentando http://
ATENCÃO: Link /bib/Oliveira_et_al_2006.pdf não possui protocolo. Tentando http://
ATENCÃO: Link /bib/Weber_et_al_2011.pdf não possui protocolo. Tentando http://
ATENCÃO: Link /bib/Alves_2010.pdf não possui protocolo. Tentando http://
Trauma dentário em criança
ATENCÃO: Link /bib/DiAngelis.pdf não possui protocolo. Tentando http://
ATENCÃO: Link /bib/Andersson.pdf não possui protocolo. Tentando http://
ATENCÃO: Link /bib/Milgrem.pdf não possui protocolo. Tentando http://
Dor e alteração de mucosa
ATENCÃO: Link /bib/Andrade_et_al_2008.pdf não possui protocolo. Tentando http://
ATENCÃO: Link /bib/Brasil_2008_caderno_de_atencao_basica n17.pdf não possui protocolo. Tentando http://
ATENCÃO: Link /bib/cancer_bucal_a_prevencao_e_fundamental.pdf não possui protocolo. Tentando http://
ATENCÃO: Link /bib/Brasil_2008_manual_especialidades_saude_bucal.pdf não possui protocolo. Tentando http://
ATENCÃO: Link /bib/Martins_et_al_2007_queilite_actinica_relato_de_caso_clinico.pdf não possui protocolo. Tentando http://
ATENCÃO: Link /bib/Vidal_et_al_2003_prevencao_do_cancer_de_boca_uma_medida_simples_e_eficaz.pdf não possui protocolo. Tentando http://
ATENCÃO: Link /bib/Tibaldi_et_al_2015_avaliacao_do_conhecimento_da_populacao_do_municipio_de_fernandopolis_sp_em_relacao_ao_cancer_bucal.pdf não possui protocolo. Tentando http://
ATENCÃO: Link /bib/Martins_el_al_2015_maior_acesso_a_informacao_sobre_como_prevenir_o_cancer_bucal_em_idosos_assistidos_na_aps.pdf não possui protocolo. Tentando http://
ATENCÃO: Link /bib/Brasil_2002_falando_sobre_cancer_de_boca.pdf não possui protocolo. Tentando http://
Avaliação do estado mental
Úlcera venosa em MMII
Atenção domiciliar a paciente com câncer de cólon
Idosa com redução do apetite e dispneia
Dispneia
Avaliação Cardiovascular
Cuidando no domicílio
Pré-natal de baixo risco
Atendimento odontológico de gestante
ATENCÃO: Link /bib/atencaosaudedagestante.pdf não possui protocolo. Tentando http://
ATENCÃO: Link /bib/manual_pre_natal_puerperio_3ed.pdf não possui protocolo. Tentando http://
ATENCÃO: Link /bib/Atencao_odontologica_a_gestante.pdf não possui protocolo. Tentando http://
ATENCÃO: Link /bib/Periodontal_disease.pdf não possui protocolo. Tentando http://
ATENCÃO: Link /bib/Condicao_periodontal_durante_a_gravidez.pdf não possui protocolo. Tentando http://
Gestante vem à consulta com exames laboratoriais
Homem com dor em um dente ao ingerir alimentos quentes ou frios
Lactente de dois meses é trazido para consulta de puericultura
Cuidados Paliativos na Atenção Primária
Lactente com febre e dificuldade para respirar
Alerta: sangramento gengival
ATENCÃO: Link /bib/Standards_of_Medical_Care_in_Diabete_2011.pdf não possui protocolo. Tentando http://
ATENCÃO: Link /bib/Goiris_et_al_2010.pdf não possui protocolo. Tentando http://
ATENCÃO: Link /bib/Izu_et_al_2010.pdf não possui protocolo. Tentando http://
ATENCÃO: Link /bib/Madeiro_2005.pdf não possui protocolo. Tentando http://
ATENCÃO: Link /bib/Cadernos_de_atencao_basica_2006_diabetes_mellitus.pdf não possui protocolo. Tentando http://
ATENCÃO: Link /bib/OConnel_et_al_2008.pdf não possui protocolo. Tentando http://
ATENCÃO: Link /bib/Neto_et_al_2012.pdf não possui protocolo. Tentando http://
ATENCÃO: Link /bib/230_PosicionamentoSBD2011.pdf não possui protocolo. Tentando http://
Criança com diarreia
Criança com falta de ar
Suporte básico de vida na APS
Lesões relacionadas ao uso de dentaduras
ATENCÃO: Link /bib/Assuncao_et_al_2008_Influencia_das_estruturas_anatomicas_orofaciais_nas_proteses_totais.pdf não possui protocolo. Tentando http://
ATENCÃO: Link /bib/saude_bucal_caderno_de_atencao_basica_n17_MS.pdf não possui protocolo. Tentando http://
ATENCÃO: Link /bib/Castro_et_al_2006_Estomatite_protetica_induzida_pelo_mau_uso_de_protese_total_caso_clinico.pdf não possui protocolo. Tentando http://
ATENCÃO: Link /bib/politica_nacional_brasil_sorridente.pdf não possui protocolo. Tentando http://
ATENCÃO: Link /bib/Genari Filho_2004_Exame_clinico_em_protese_total.pdf não possui protocolo. Tentando http://
ATENCÃO: Link /bib/Scalercio_et_al_2007_Estomatite_protetica_versus_candidiase_diagnostico_e_tratamento.pdf não possui protocolo. Tentando http://
ATENCÃO: Link Sesma_et_al_2005_Capacidade_de_remocao_do_biofilme_por_meio_de_um_produto_enzimatico_para_a_higienizacao_de_bases_proteticas.pdf não possui protocolo. Tentando http://
ATENCÃO: Link /bib/Silva_2009_Efeito_antimicrobiano_de_solucoes_desinfetantes_sobre_biofilme_de_candida_albicans_sobre_resinas_acrilicas_termopolimerizaveis.pdf não possui protocolo. Tentando http://
Alimentação no 1º ano de vida 
Acidente por mordedura de cão
Mal-estar e tontura na fila da UBS
ATENCÃO: Link www.prosaude.org/publicacoes/diversos/cad_AB_DIABETES.pdf não possui protocolo. Tentando http://
Criança com crise de choro noturno
Dor em baixo ventre
Criança com dor de ouvido
ATENCÃO: Link www.scielo.br/pdf/jped/v79s1/v79s1a07.pdf não possui protocolo. Tentando http://
Ortodontia interceptiva na APS
Dor após exodontia
ATENCÃO: Link /bib/Person_2009.pdf não possui protocolo. Tentando http://
ATENCÃO: Link /bib/Poi_et_al_2006.pdf não possui protocolo. Tentando http://
ATENCÃO: Link /bib/Przysiezny_2011.pdf não possui protocolo. Tentando http://
ATENCÃO: Link /bib/Prado_et_al_2008.pdf não possui protocolo. Tentando http://
ATENCÃO: Link /bib/Veltrini_1999.pdf não possui protocolo. Tentando http://
Lesão em bifurcação
ATENCÃO: Link /bib/Leonardo_et_al_1994.pdf não possui protocolo. Tentando http://
ATENCÃO: Link /bib/Borin_2007.pdf não possui protocolo. Tentando http://
ATENCÃO: Link /bib/Silva_et_al_2008.pdf não possui protocolo. Tentando http://
ATENCÃO: Link /bib/Rubik_2007.pdf não possui protocolo. Tentando http://
Hipertenso sentiu-se mal durante o café da manhã
Leucorréia e rastreamento do câncer ginecológico
Patologias orais de origem infecciosa
ATENCÃO: Link /bib/Almeida_et_al_2007_Queilite_angular_sinais_sintomas_e_tratamento.pdf não possui protocolo. Tentando http://
ATENCÃO: Link /bib/politica_nacional_da_atencao_basica.pdf não possui protocolo. Tentando http://
ATENCÃO: Link /bib/cadernos_de_atencao_basica_n17.pdf não possui protocolo. Tentando http://
ATENCÃO: Link /bib/Castilhos_2001_a_importancia_dos_dentes_e_proteses_para_idosos_de_tres_diferentes_grupos.pdf não possui protocolo. Tentando http://
ATENCÃO: Link /bib/Goiato_2005_Lesoes_Orais_Provocadas_Pelo_Uso_de_Proteses_Removiveis.pdf não possui protocolo. Tentando http://
ATENCÃO: Link /bib/Maia_2005_proposta_de_um_protocolo_para_atendimento_odontologico_do_paciente_diabetico_na_atencao_basica.pdf não possui protocolo. Tentando http://
ATENCÃO: Link /bib/Oliveira_2007_aspectos_clinicos_relacionados_a_estomatite_protetica.pdf não possui protocolo. Tentando http://
ATENCÃO: Link /bib/Peixoto_2009_caries_radiculares_na_terceira_idade.pdf não possui protocolo. Tentando http://
ATENCÃO: Link /bib/Shinkai_2000_o_papel_da_odontologia_na_equipe_multidisciplinar_contribuindo_para_atencao_integral_ao_idoso.pdf não possui protocolo. Tentando http://
Tratamentos Conservadores da Polpa
ATENCÃO: Link www.forp.usp.br/restauradora/dentistica/temas/cim_ion_vid/cim_ion_vid.pdf não possui protocolo. Tentando http://
Complicações após exodontia
ATENCÃO: Link /bib/Poi_et_al_1998.pdf não possui protocolo. Tentando http://
ATENCÃO: Link /bib/revfol18_1nova.pdf não possui protocolo. Tentando http://
ATENCÃO: Link /bib/Romagnma_et_al_2008.pdf não possui protocolo. Tentando http://
Eu não sou hipertensa!
Mulher jovem com queixa de taquicardia e dispneia
ATENCÃO: Link www.projetodiretrizes.org.br/projeto_diretrizes/099.pdf não possui protocolo. Tentando http://
Abordagem Sindrômica às IST's
Ação Coletiva em Escolares
Acidente pérfurocortante
ATENCÃO: Link /bib/1331929190_1295967296524CALENDARIOS_BASICOS_DE_VACINACAO.pdf não possui protocolo. Tentando http://
ATENCÃO: Link /bib/portaria_1498.pdf não possui protocolo. Tentando http://
ATENCÃO: Link /bib/protocolo_expos_mat_biologicos.pdf não possui protocolo. Tentando http://
ATENCÃO: Link /bib/US_PHS_Guidelines_for_the_Management_of_Occupational_Exposures_to_HIV.pdf não possui protocolo. Tentando http://
ATENCÃO: Link /bib/sharpsworkbook_2008.pdf não possui protocolo. Tentando http://
ATENCÃO: Link /bib/INFLU15_PROTOCOLO_ATUALIZADO.pdf não possui protocolo. Tentando http://
ATENCÃO: Link /bib/manual_sifilis_bolso.pdf não possui protocolo. Tentando http://
ATENCÃO: Link /bib/condutas.pdf não possui protocolo. Tentando http://
ATENCÃO: Link /bib/61testes_rapidos.pdf não possui protocolo. Tentando http://
ATENCÃO: Link /bib/Acidentes_com_material_biologico_entre_profissionais_de_hospital_universitario.pdf não possui protocolo. Tentando http://
Acidente com perfurocortante na sala de vacinas
Atenção domiciliar a idoso com confusão aguda
Atenção odontológica aos Pacientes Portadores de Necessidades Especiais na Atenção Básica
Cefaleia
Consulta puerperal
Criança com cárie e problema na mordida
Criança com dentes estragados
Criança com dificuldade na fala
ATENCÃO: Link /bib/Brito.pdf não possui protocolo. Tentando http://
ATENCÃO: Link /bib/Goncalves.pdf não possui protocolo. Tentando http://
ATENCÃO: Link /bib/Protocolo_de_avaliacao.pdf não possui protocolo. Tentando http://
ATENCÃO: Link /bib/Silva.pdf não possui protocolo. Tentando http://
Criança com exantema e febre. Será dengue?
Dentes manchados são normais?
Doenças infecciosas da infância
Dor lombar em mulher de 45 anos
Hanseníase: e agora, o que eu faço?
Imunização em criança menor de um ano
Lesões doloridas na boca
Nódulo em mucosa labial inferior
O perigo está na boca
ATENCÃO: Link /bib/Bertoleti_2004_profilaxia_da_febre_reumatica_quando_e_como_fazer.pdf não possui protocolo. Tentando http://
ATENCÃO: Link bib/II_diretriz_perioperatoria_sociedade_brasileira_de_cardiologia.pdf não possui protocolo. Tentando http://
ATENCÃO: Link /bib/Siviero_2009_evolucao_das_alteracoes_e_atualizacao_do_protocolo_2017_da_AHA_para_prevencao_da_endocardite_infecciosa.pdf não possui protocolo. Tentando http://
ATENCÃO: Link /bib/Melo_2009_cuidado_dirgido_a_saude_bucal_significados_atribuidos_a_cuidadores_de_idosos.pdf não possui protocolo. Tentando http://
ATENCÃO: Link /bib/Madeiro_2005_A_ESTREITA_RELACAO_ENTRE_DIABETES_E_DOENCA_PERIODONTAL_INFLAMATORIA.pdf não possui protocolo. Tentando http://
ATENCÃO: Link /bib/Cangussu_et_al_2014.pdf não possui protocolo. Tentando http://
ATENCÃO: Link Cintra_2015.pdf não possui protocolo. Tentando http://
ATENCÃO: Link /bib/Lustosa_Neto_2006.pdf não possui protocolo. Tentando http://
ATENCÃO: Link /bib/manual_para_cuidadores_informais_de_idosos.pdf não possui protocolo. Tentando http://
Odeio meu sorriso
Paciente com dentes desgastados
ATENCÃO: Link www.projetodiretrizes.org.br/projeto_diretrizes/084.pdf não possui protocolo. Tentando http://
Paciente com tosse e febre
Perigo! Criança na cozinha
Processamento de materiais
Tontura e vertigem
Transtorno afetivo bipolar: depressão maior
Tratamento periodontal de hemofílico
ATENCÃO: Link /bib/Manual_De_atendimento_odontolologico_a_pacientes_coacogulopatias_hereditarias.pdf não possui protocolo. Tentando http://
ATENCÃO: Link /bib/Marques_et_al_2010.pdf não possui protocolo. Tentando http://
ATENCÃO: Link /bib/Silva_et_al_2012.pdf não possui protocolo. Tentando http://
ATENCÃO: Link /bib/Peisker_et_al_2014.pdf não possui protocolo. Tentando http://
ATENCÃO: Link /bib/Zaliuniene_at_al_2014.pdf não possui protocolo. Tentando http://
Tuberculose: da antiguidade para a atualidade
Uso abusivo de álcool - cuidados de enfermagem em rede
Uso de álcool e drogas ilícitas
/home/dev/test/casca/public/ppu/template /home/dev/test/casca/public/ppu/UFPEL_0001_CASOURGEODONTOGESTA { filter: [Function] }
/home/dev/test/casca/public/ppu/template /home/dev/test/casca/public/ppu/UFPEL_0001_CASOPATOCIRURODONTOPED { filter: [Function] }
/home/dev/test/casca/public/ppu/template /home/dev/test/casca/public/ppu/UFPEL_0001_CASOTRATALESACARIE { filter: [Function] }
/home/dev/test/casca/public/ppu/template /home/dev/test/casca/public/ppu/UFPEL_0001_CASOTRAUMADENTECRIA { filter: [Function] }
/home/dev/test/casca/public/ppu/template /home/dev/test/casca/public/ppu/UFPEL_0001_CASOAVALMENTAL { filter: [Function] }
/home/dev/test/casca/public/ppu/template /home/dev/test/casca/public/ppu/UFPEL_0001_CASOIDOSAAPETITEDISPNEIA { filter: [Function] }
/home/dev/test/casca/public/ppu/template /home/dev/test/casca/public/ppu/UFPEL_0001_CASOATENDODONTOGESTA { filter: [Function] }
/home/dev/test/casca/public/ppu/template /home/dev/test/casca/public/ppu/UFPEL_0001_CASODORINGESTAQUENTEFRIO { filter: [Function] }
/home/dev/test/casca/public/ppu/template /home/dev/test/casca/public/ppu/UFPEL_0001_CASOSANGRAGENGIVA { filter: [Function] }
/home/dev/test/casca/public/ppu/template /home/dev/test/casca/public/ppu/UFPEL_0001_CASOORTOINTERCEPTAPS { filter: [Function] }
/home/dev/test/casca/public/ppu/template /home/dev/test/casca/public/ppu/UFPEL_0001_CASODORPOSEXODONT { filter: [Function] }
/home/dev/test/casca/public/ppu/template /home/dev/test/casca/public/ppu/UFPEL_0001_CASOLESABIFURCAENDODONT { filter: [Function] }
/home/dev/test/casca/public/ppu/template /home/dev/test/casca/public/ppu/UFPEL_0001_CASOCOMPLICACIRUR { filter: [Function] }
/home/dev/test/casca/public/ppu/template /home/dev/test/casca/public/ppu/UFPEL_0001_CASOACAOCOLETIVAESCOLA { filter: [Function] }
/home/dev/test/casca/public/ppu/template /home/dev/test/casca/public/ppu/UFPEL_0001_CASOACIDENTEMATBIOODONTO { filter: [Function] }
/home/dev/test/casca/public/ppu/template /home/dev/test/casca/public/ppu/UFPEL_0001_CASOCRIACARIEPROBMORDE { filter: [Function] }
/home/dev/test/casca/public/ppu/template /home/dev/test/casca/public/ppu/UFPEL_0001_CASOCRIADIFFALA { filter: [Function] }
/home/dev/test/casca/public/ppu/template /home/dev/test/casca/public/ppu/UFPEL_0001_CASODENTEMANCHA { filter: [Function] }
/home/dev/test/casca/public/ppu/template /home/dev/test/casca/public/ppu/UFPEL_0001_CASODORLOMBAR { filter: [Function] }
/home/dev/test/casca/public/ppu/template /home/dev/test/casca/public/ppu/UFPEL_0001_CASONODULOMUCOSALABIAL { filter: [Function] }
/home/dev/test/casca/public/ppu/template /home/dev/test/casca/public/ppu/UFPEL_0001_CASOODEIOSORRISO { filter: [Function] }
/home/dev/test/casca/public/ppu/template /home/dev/test/casca/public/ppu/UFPEL_0001_CASOTRASAFETIVOBIPOLAR { filter: [Function] }
/home/dev/test/casca/public/ppu/template /home/dev/test/casca/public/ppu/UFPEL_0001_CASOTRATAPERIHEMO { filter: [Function] }
/home/dev/test/casca/public/ppu/template /home/dev/test/casca/public/ppu/UFPEL_0001_CASOUSODROGAILICITA { filter: [Function] }

Úlcera venosa em MMII 4f641594b852fbb6ad3a9a22
{ linkTitulo: 'Caiafa, J. S. et al. Atenção integral ao portador de Pé Diabético. São Paulo: Sociedade Brasileira de Angiologia e de Cirurgia Vascular, 2010.',
  urlLocal: '',
  urlExterno: 'http://sbacv.com.br/pdf/manual-do-pe-diabetico-final.pdf' }
ERRO: Arquivo http://sbacv.com.br/pdf/manual-do-pe-diabetico-final.pdf não encontrado. status 404


Dispneia 4f704354b852fbb6ad3a9a26
{ linkTitulo: 'Brasil. Ministério da Saúde. Instituto Nacional de Câncer - INCA. Abordagem e Tratamento do Fumante - Consenso 2001, Rio de Janeiro: INCA, 2001.',
  urlLocal: 'bib/tratamento_consenso.pdf',
  urlExterno: 'http://www.inca.gov.br/tabagismo/publicacoes/tratamento_consenso.pdf' }
ERRO: Arquivo http://www.inca.gov.br/tabagismo/publicacoes/tratamento_consenso.pdf não encontrado. status 404


Leucorréia e rastreamento do câncer ginecológico 4f312c670dd744175dd0496f
{ urlExterno: 'http://www.redecancer.org.br/wps/wcm/connect/a3a767804f03ee13ab09bbf58f4ba399/NT_INCA_DARAO_Mamografia_requerida_pela_enfermagem.pdf?MOD=AJPERES',
  urlLocal: '',
  linkTitulo: 'Brasil. Ministério da Saúde. Instituto Nacional do Câncer. Solicitação de mamografia de rastreamento por enfermeiros. Nota técnica. 2009.' }
ERRO: Arquivo http://www.redecancer.org.br/wps/wcm/connect/a3a767804f03ee13ab09bbf58f4ba399/NT_INCA_DARAO_Mamografia_requerida_pela_enfermagem.pdf?MOD=AJPERES não encontrado. status 404


Mulher jovem com queixa de taquicardia e dispneia 5008159081c33f6365ed0128
{ urlExterno: 'www.projetodiretrizes.org.br/projeto_diretrizes/099.pdf',
  urlLocal: '',
  linkTitulo: 'Associação Brasileira de Psiquiatria. Transtornos de Ansiedade: Diagnóstico e Tratamento. Projeto Diretrizes da Associação Médica Brasileira e Conselho Federal de Medicina Elaboração Final: 24 de janeiro de 2008. ' }
ERRO: Arquivo http://www.projetodiretrizes.org.br/projeto_diretrizes/099.pdf não encontrado. status 404


Atenção domiciliar a idoso com confusão aguda 51d18c5c41e46f4325000000
{ linkTitulo: 'Projeto Diretrizes AMB – Cistite Recorrente: Tratamento e Prevenção – 2011',
  urlLocal: '',
  urlExterno: 'http://www.projetodiretrizes.org.br/ans/diretrizes/cistite_recorrente-tratamento_e_prevencao.pdf' }
ERRO: Arquivo http://www.projetodiretrizes.org.br/ans/diretrizes/cistite_recorrente-tratamento_e_prevencao.pdf não encontrado. status 404


Atenção domiciliar a idoso com confusão aguda 51d18c5c41e46f4325000000
{ linkTitulo: 'Projeto Diretrizes AMB – Infecção do Trato urinário no Idoso – 2004',
  urlLocal: '',
  urlExterno: 'http://www.projetodiretrizes.org.br/4_volume/20-Infecurinaria.pdf' }
ERRO: Arquivo http://www.projetodiretrizes.org.br/4_volume/20-Infecurinaria.pdf não encontrado. status 404


Atenção domiciliar a idoso com confusão aguda 51d18c5c41e46f4325000000
{ linkTitulo: 'Ramos AM, Stein AT, Castro Filho ED, Chaves MLF, Okamato I, Nitrini R. Demência do Idoso: Diagnóstico na Atenção Primária à Saúde. Sociedade Brasileira de Medicina de Família e Comunidade, Academia Brasileira de Neurologia. Projeto Diretrizes. Associação Médica Brasileira. Conselho Federal de Medicina. São Paulo. 2009',
  urlLocal: '',
  urlExterno: 'http://www.projetodiretrizes.org.br/8_volume/19-Demencia.pdf' }
ERRO: Arquivo http://www.projetodiretrizes.org.br/8_volume/19-Demencia.pdf não encontrado. status 404


Cefaleia 50a3e7f4ab52518fdd09adb7
{ linkTitulo: 'Projeto Diretrizes - Cefaleias em Adultos na Atenção Primária à Saúde: Diagnóstico e Tratamento. Sociedade Brasileira de Medicina de Família e Comunidade, Associação Brasileira de Medicina Física e Reabilitação, Academia Brasileira de Neurologia, 2009.',
  urlLocal: '',
  urlExterno: 'http://www.projetodiretrizes.org.br/8_volume/16-Cefaleias.pdf' }
ERRO: Arquivo http://www.projetodiretrizes.org.br/8_volume/16-Cefaleias.pdf não encontrado. status 404


Hanseníase: e agora, o que eu faço? 52dd207c41e46f8a7c000000
{ urlExterno: 'http://www.fasa.edu.br/images/pdf/Linha_guia_hanseniase.pdf',
  urlLocal: '',
  linkTitulo: 'MINAS GERAIS. Secretaria de Estado de Saúde. Atenção à saúde do adulto: hanseníase. Belo Horizonte: SAS/MG, 2006. ' }
ERRO: Arquivo http://www.fasa.edu.br/images/pdf/Linha_guia_hanseniase.pdf não encontrado. status 404


Hanseníase: e agora, o que eu faço? 52dd207c41e46f8a7c000000
{ urlExterno: 'http://portal.anvisa.gov.br/wps/wcm/connect/3463ca004745920f9a61de3fbc4c6735/Guia_Vig_Epid_novo2.pdf?MOD=AJPERES',
  urlLocal: '',
  linkTitulo: 'BRASIL. Ministério da Saúde. Secretaria de Vigilância em Saúde. Guia de vigilância epidemiológica. 6. ed. Brasília: Ministério da Saúde, 2005.' }
ERRO: Arquivo http://portal.anvisa.gov.br/wps/wcm/connect/3463ca004745920f9a61de3fbc4c6735/Guia_Vig_Epid_novo2.pdf?MOD=AJPERES não encontrado. status 404


Tratamentos Conservadores da Polpa 503fbb3f680ffca7125d8e68
{ urlExterno: 'http://www.acdc.com.br/anais/15%20coic_anais/josimerihebling.pdf',
  urlLocal: '',
  linkTitulo: 'Hebling J. Remoção parcial de cárie: conveniência ou possibilidade. Anais do 15° Conclave Odontológico Internacional de Campinas. 2003; n.104. ' }
ERRO: Arquivo http://www.acdc.com.br/anais/15%20coic_anais/josimerihebling.pdf não encontrado. status 404


Criança com crise de choro noturno 502d3ab8993f0969ec735593
{ urlExterno: 'http://www.redesaude.org.br/portal/home/conteudo/biblioteca/biblioteca/textos-diversos/037.pdf',
  urlLocal: '',
  linkTitulo: 'Brasil. Lei nº 8.069 de 13 de julho de 1990. Dispõe sobre o Estatuto da Criança e do Adolescente e dá outras providências. Diário Oficial [da] República Federativa do Brasil, p.13563, Brasília, DF, 16 jul. 1990. Krug, E. G. et al. (ed.). Relatório mundial sobre violência e saúde. Genebra: Organização Mundial da Saúde, 2002.' }
ERRO: Arquivo http://www.redesaude.org.br/portal/home/conteudo/biblioteca/biblioteca/textos-diversos/037.pdf não encontrado. status 404


Processamento de materiais 50bd1238ab52518fdd09adba
{ urlExterno: 'http://www.saude.rs.gov.br/upload/1335381338_Limpeza, Desinfecção e Esterilização de Artigos como Medidas de Prevenção e Controle de IRAS.pdf',
  urlLocal: '',
  linkTitulo: 'Rammé, Ana Luiza. Limpeza, desinfecção e esterilização de artigos como medidas de prevenção e controle de infecções relacionadas à assistência à saúde – IRAS. Porto Alegre: Centro Estadual de Vigilância em Saúde do RS, 2011. 63 slides.' }
ERRO: Arquivo http://www.saude.rs.gov.br/upload/1335381338_Limpeza, Desinfecção e Esterilização de Artigos como Medidas de Prevenção e Controle de IRAS.pdf não encontrado. status 404


Paciente com dentes desgastados 51ee87de41e46fd575000000
{ linkTitulo: 'FEDERAÇÃO BRASILEIRA DE GASTROENTEROLOGIA. Refluxo Gastroesofágico: Diagnóstico e Tratamento. Projeto Diretrizes, 2003.',
  urlLocal: '',
  urlExterno: 'www.projetodiretrizes.org.br/projeto_diretrizes/084.pdf' }
ERRO: Arquivo http://www.projetodiretrizes.org.br/projeto_diretrizes/084.pdf não encontrado. status 404

/home/dev/test/casca/public/ppu/template /home/dev/test/casca/public/ppu/UFPEL_0001_CASOREABPACDESDENTATOTAL { filter: [Function] }
/home/dev/test/casca/public/ppu/template /home/dev/test/casca/public/ppu/UFPEL_0001_CASOJOVEMTAQUIDISPNEIA { filter: [Function] }
/home/dev/test/casca/public/ppu/template /home/dev/test/casca/public/ppu/UFPEL_0001_CASOCEFALEIA { filter: [Function] }
/home/dev/test/casca/public/ppu/template /home/dev/test/casca/public/ppu/UFPEL_0001_CASOPERIGOBOCA { filter: [Function] }
/home/dev/test/casca/public/ppu/template /home/dev/test/casca/public/ppu/UFPEL_0001_CASOAVALCARIOVASC { filter: [Function] }
/home/dev/test/casca/public/ppu/template /home/dev/test/casca/public/ppu/UFPEL_0001_CASOPUERILACTADOISMESES { filter: [Function] }
/home/dev/test/casca/public/ppu/template /home/dev/test/casca/public/ppu/UFPEL_0001_CASOCRIADOROUVIDO { filter: [Function] }
/home/dev/test/casca/public/ppu/template /home/dev/test/casca/public/ppu/UFPEL_0001_CASOHIPERTENSOMALCAFEMANHA { filter: [Function] }
/home/dev/test/casca/public/ppu/template /home/dev/test/casca/public/ppu/UFPEL_0001_CASOADIDOSOCONFUSOAGUDA { filter: [Function] }
/home/dev/test/casca/public/ppu/template /home/dev/test/casca/public/ppu/UFPEL_0001_CASOTRATACONSERVAPOLPA { filter: [Function] }
/home/dev/test/casca/public/ppu/template /home/dev/test/casca/public/ppu/UFPEL_0001_CASOACIDENTEPREFUROCORTSALAVACINA { filter: [Function] }
/home/dev/test/casca/public/ppu/template /home/dev/test/casca/public/ppu/UFPEL_0001_CASOABORDASINDROIST { filter: [Function] }
/home/dev/test/casca/public/ppu/template /home/dev/test/casca/public/ppu/UFPEL_0001_CASOCRIADENTEESTRAGA { filter: [Function] }
/home/dev/test/casca/public/ppu/template /home/dev/test/casca/public/ppu/UFPEL_0001_CASOTRATADORMUCOSA { filter: [Function] }
/home/dev/test/casca/public/ppu/template /home/dev/test/casca/public/ppu/UFPEL_0001_CASODOENCAINFECINFANCIA { filter: [Function] }
/home/dev/test/casca/public/ppu/template /home/dev/test/casca/public/ppu/UFPEL_0001_CASODISPNEIA { filter: [Function] }
/home/dev/test/casca/public/ppu/template /home/dev/test/casca/public/ppu/UFPEL_0001_CASOSUPBASVIDAAPS { filter: [Function] }
/home/dev/test/casca/public/ppu/template /home/dev/test/casca/public/ppu/UFPEL_0001_CASOCRIACRISECHORONOT { filter: [Function] }
/home/dev/test/casca/public/ppu/template /home/dev/test/casca/public/ppu/UFPEL_0001_CASODENTEDESGASTA { filter: [Function] }
/home/dev/test/casca/public/ppu/template /home/dev/test/casca/public/ppu/UFPEL_0001_CASOTOSSEFEBRE { filter: [Function] }
/home/dev/test/casca/public/ppu/template /home/dev/test/casca/public/ppu/UFPEL_0001_CASOABUSOALCOOL { filter: [Function] }

Processamento de materiais 50bd1238ab52518fdd09adba
{ urlExterno: 'http://www.saude.df.gov.br/sites/100/163/00004656.pdf',
  urlLocal: '',
  linkTitulo: 'Distrito Federal. Secretaria de Saúde. Departamento de Recursos Médico-Assistenciais/FHDF.  Central de Material e Esterilização – Manual Técnico. Brasília: Ministério da Saúde, 2000.' }
ERRO: Arquivo http://www.saude.df.gov.br/sites/100/163/00004656.pdf não encontrado. status 404


Processamento de materiais 50bd1238ab52518fdd09adba
{ urlExterno: 'http://www.sinurgs.org.br/docs/portaria_500_2010.pdf',
  urlLocal: '',
  linkTitulo: 'Rio Grande do Sul. Secretaria Estadual de Saúde. Portaria nº500/2010 – Regulamento técnico para processamento de artigos por método físico em estabelecimentos sujeitos à Vigilância Sanitária no RS. Porto Alegre: Secretaria Estadual de Saúde, 2010. 12p.' }
ERRO: Arquivo http://www.sinurgs.org.br/docs/portaria_500_2010.pdf não encontrado. status 404

/home/dev/test/casca/public/ppu/template /home/dev/test/casca/public/ppu/UFPEL_0001_CASOATENCAOODONTO { filter: [Function] }

Perigo! Criança na cozinha 50d82de2ab52518fdd09adbd
{ urlExterno: 'http://www.cremerj.org.br/downloads/387.PDF',
  acessoEm: '2012',
  urlLocal: '',
  linkTitulo: 'CONSELHO REGIONAL DE MEDICINA DO ESTADO DE RIO DE JANEIRO.' }
ERRO: Arquivo http://www.cremerj.org.br/downloads/387.PDF não encontrado. status 404

/home/dev/test/casca/public/ppu/template /home/dev/test/casca/public/ppu/UFPEL_0001_CASOPERIGOCRIACOZINHA { filter: [Function] }

Dor em baixo ventre 503fc1d3680ffca7125d8e6a
{ linkTitulo: 'Lubianca JN, Wannmacher L. Uso Racional de Contraceptivos Hormonais Orais. In: Brasil. Ministério da Saúde. Condutas Baseadas em Evidências sobre Medicamentos Utilizados em Atenção Primária à Saúde. Ministério da Saúde. 2011.',
  urlLocal: '',
  urlExterno: 'http://portal.saude.gov.br/portal/arquivos/pdf/Tema10-contraceptivos.pdf' }
ERRO: Arquivo http://portal.saude.gov.br/portal/arquivos/pdf/Tema10-contraceptivos.pdf não é PDF. status text/html; charset=utf-8

/home/dev/test/casca/public/ppu/template /home/dev/test/casca/public/ppu/UFPEL_0001_CASODORBAIXOVENTRE { filter: [Function] }

Criança com exantema e febre. Será dengue? 5152edfe41e46fe746000000
{ linkTitulo: 'Brasil. Ministério da Saúde. Secretaria de Vigilância em Saúde. Departamento de Vigilância Epidemiológica. Dengue: diagnóstico e manejo clínico: criança. Brasília: Ministério da Saúde, 2011b. 52 p.',
  urlLocal: '',
  urlExterno: 'http://portal.saude.gov.br/portal/arquivos/pdf/web_dengue_crian_25_01.pdf' }
ERRO: Arquivo http://portal.saude.gov.br/portal/arquivos/pdf/web_dengue_crian_25_01.pdf não é PDF. status text/html; charset=utf-8


Criança com exantema e febre. Será dengue? 5152edfe41e46fe746000000
{ linkTitulo: 'Brasil. Ministério da Saúde. Secretaria de Vigilância em Saúde. Departamento de Vigilância Epidemiológica. Diretrizes nacionais para prevenção e controle de epidemias de dengue / Ministério da Saúde, Secretaria de Vigilância em Saúde, Departamento de Vigilância Epidemiológica. – Brasília : Ministério da Saúde, 2009.160 p',
  urlLocal: '',
  urlExterno: 'http://portal.saude.gov.br/portal/arquivos/pdf/diretrizes_epidemias_dengue_11_02_10.pdf' }
ERRO: Arquivo http://portal.saude.gov.br/portal/arquivos/pdf/diretrizes_epidemias_dengue_11_02_10.pdf não é PDF. status text/html; charset=utf-8


Imunização em criança menor de um ano 51d2dad441e46f7048000000
{ linkTitulo: 'BRASIL. Secretaria de Vigilância Epidemiológica. Informe Técnico – 1º de março de 2006. Doença Diarreica por Rotavírus: Vigilância Epidemiológica e Prevenção pela Vacina Oral de Rotavírus Humano – VORH. Brasília: Ministério da Saúde, 2006b',
  urlLocal: '',
  urlExterno: 'http://portal.saude.gov.br/portal/arquivos/pdf/informe_rotavirus_02_03_2006.pdf' }
ERRO: Arquivo http://portal.saude.gov.br/portal/arquivos/pdf/informe_rotavirus_02_03_2006.pdf não é PDF. status text/html; charset=utf-8


Criança com diarreia 4f0c53382e38a6e9c32e6737
{ linkTitulo: 'BRASIL. Ministério da Saúde. Secretaria de Vigilância em Saúde. Departamento de Vigilância Epidemiológica. Guia de vigilância epidemiológica. 7. ed. Brasília: Ministério da Saúde, 2009. 816 p.',
  urlLocal: '',
  urlExterno: 'http://portal.saude.gov.br/portal/arquivos/pdf/gve_7ed_web_atual.pdf' }
ERRO: Arquivo http://portal.saude.gov.br/portal/arquivos/pdf/gve_7ed_web_atual.pdf não é PDF. status text/html; charset=utf-8


Criança com exantema e febre. Será dengue? 5152edfe41e46fe746000000
{ linkTitulo: 'Brasil. Ministério da Saúde. Secretaria de Vigilância em Saúde. Departamento de Vigilância Epidemiológica. Guia de Vigilância Epidemiológica. 7ª ed. Brasília: Ministério da Saúde; 2009.',
  urlLocal: '',
  urlExterno: 'http://portal.saude.gov.br/portal/arquivos/pdf/gve_7ed_web_atual.pdf' }
ERRO: Arquivo http://portal.saude.gov.br/portal/arquivos/pdf/gve_7ed_web_atual.pdf não é PDF. status text/html; charset=utf-8


Criança com exantema e febre. Será dengue? 5152edfe41e46fe746000000
{ linkTitulo: 'Brasil. Ministério da Saúde. Secretaria de Vigilância em Saúde. Diretrizes Nacionais para a Prevenção e Controle de Epidemias de Dengue. Brasília: Ministério da Saúde; 2011c.',
  urlLocal: '',
  urlExterno: 'http://portal.saude.gov.br/portal/arquivos/pdf/diretrizes_nacionais_dengue.pdf' }
ERRO: Arquivo http://portal.saude.gov.br/portal/arquivos/pdf/diretrizes_nacionais_dengue.pdf não é PDF. status text/html; charset=utf-8


Processamento de materiais 50bd1238ab52518fdd09adba
{ urlExterno: 'http://www.anvisa.gov.br/divulga/noticias/2008/080808_NotaTecnica_Micobacteria.pdf',
  urlLocal: '',
  linkTitulo: 'Brasil. Ministério da Saúde. Agência Nacional de Vigilância Sanitária. Nota Técnica – 08/08/2008 – assunto: micobactérias. Brasília: Ministério da Saúde, 2008. ' }
ERRO: Arquivo http://www.anvisa.gov.br/divulga/noticias/2008/080808_NotaTecnica_Micobacteria.pdf não é PDF. status text/html;charset=UTF-8

|              Erro:
|              Caso: Processamento de materiais
|              Path: /home/dev/static/public/img/8_11_new.jpg
/home/dev/test/casca/public/ppu/template /home/dev/test/casca/public/ppu/UFPEL_0001_CASOPROCESSOMATERIAL { filter: [Function] }

Tuberculose: da antiguidade para a atualidade 516e96e941e46f7445000000
{ urlExterno: 'http://portal.saude.gov.br/portal/arquivos/pdf/gve_7ed_web_atual.pdf',
  urlLocal: '',
  linkTitulo: 'BRASIL. Ministério da Saúde. Secretaria de Vigilância de Saúde. Departamento de Vigilância Epidemiológica. Guia de vigilância epidemiológica / Ministério da Saúde, Secretaria de Vigilância em Saúde, Departamento de Vigilância Epidemiológica. – 7º Edição. Brasília: Ministério da Saúde, 2009. 816 p. – (Série A. Normas e Manuais Técnicos).' }
ERRO: Arquivo http://portal.saude.gov.br/portal/arquivos/pdf/gve_7ed_web_atual.pdf não é PDF. status text/html; charset=utf-8


Tuberculose: da antiguidade para a atualidade 516e96e941e46f7445000000
{ urlExterno: 'http://portal.saude.gov.br/portal/arquivos/pdf/manual_tdo_tb.pdf',
  urlLocal: '',
  linkTitulo: 'BRASIL. Ministério da Saúde. Secretaria de Vigilância em Saúde. Departamento de Vigilância Epidemiológica.Tratamento diretamente observado (TDO) da tuberculose na atenção básica : protocolo de enfermagem Brasília : Ministério da Saúde, 2011b.' }
ERRO: Arquivo http://portal.saude.gov.br/portal/arquivos/pdf/manual_tdo_tb.pdf não é PDF. status text/html; charset=utf-8


Hanseníase: e agora, o que eu faço? 52dd207c41e46f8a7c000000
{ urlExterno: 'http://www.saude.es.gov.br/download/34696_HANSENIASE_MIOLO.pdf',
  urlLocal: '',
  linkTitulo: 'ESPÍRITO SANTO. Secretaria de Estado de Saúde. Gerência de Regulação e Assistência à Saúde. Gerência de Vigilância em Saúde. Diretrizes de Hanseníase. Vitória: Secretaria de Estado da Saúde do Espírito Santo, 2008' }
ERRO: Arquivo http://www.saude.es.gov.br/download/34696_HANSENIASE_MIOLO.pdf não encontrado. status 404


Hanseníase: e agora, o que eu faço? 52dd207c41e46f8a7c000000
{ urlExterno: 'http://portal.saude.gov.br/portal/arquivos/pdf/nota_tecnica_10_bcg_indios_05_2010.pdf',
  urlLocal: '',
  linkTitulo: 'BRASIL. Ministério da Saúde. Secretaria de Vigilância em Saúde. Departamento de Vigilância Epidemiológica. Coordenação Geral do Programa Nacional de Imunizações Nota Técnica n.º 10/DEVEP/SVS/MS. 2010b. ' }
ERRO: Arquivo http://portal.saude.gov.br/portal/arquivos/pdf/nota_tecnica_10_bcg_indios_05_2010.pdf não é PDF. status text/html; charset=utf-8


Acidente por mordedura de cão 4fce11c9eb6ccb07c202a4ed
{ linkTitulo: 'Brasil. Ministério da Saúde. Guia de vigilância epidemiológica. 6. ed. Brasília: Ministério da Saúde, 2005. ',
  urlLocal: '',
  urlExterno: 'http://portal.saude.gov.br/portal/arquivos/pdf/guia_vig_epid_novo2.pdf' }
ERRO: Arquivo http://portal.saude.gov.br/portal/arquivos/pdf/guia_vig_epid_novo2.pdf não é PDF. status text/html; charset=utf-8

/home/dev/test/casca/public/ppu/template /home/dev/test/casca/public/ppu/UFPEL_0001_CASOMORDIDACAO { filter: [Function] }

Criança com exantema e febre. Será dengue? 5152edfe41e46fe746000000
{ linkTitulo: 'Brasil. Ministério da Saúde. Secretaria de Vigilância em Saúde. Diretoria Técnica de Gestão. Dengue, manual de enfermagem – adulto e criança. Brasília: Ministério da Saúde; 2008. ',
  urlLocal: '',
  urlExterno: 'http://portal.saude.gov.br/portal/arquivos/pdf/dengue_manual_enfermagem.pdf' }
ERRO: Arquivo http://portal.saude.gov.br/portal/arquivos/pdf/dengue_manual_enfermagem.pdf não é PDF. status text/html; charset=utf-8

/home/dev/test/casca/public/ppu/template /home/dev/test/casca/public/ppu/UFPEL_0001_CASOCRIAEXANTEMAFEBREDENGUE { filter: [Function] }

Criança com falta de ar 4ed4d7872e38a6e9c32e6736
{ linkTitulo: 'Picon, P.D., Gadelha, M. I. P, Beltrame, A.; Asma - Protocolos Clínicos e Diretrizes Terapêuticas, Volumes I e II. Brasília: Ministério da Saúde, 2010.',
  urlLocal: '',
  urlExterno: 'http://portal.saude.gov.br/portal/arquivos/pdf/pcdt_asma.pdf' }
ERRO: Arquivo http://portal.saude.gov.br/portal/arquivos/pdf/pcdt_asma.pdf não é PDF. status text/html; charset=utf-8


Imunização em criança menor de um ano 51d2dad441e46f7048000000
{ linkTitulo: 'BRASIL. Ministério da Saúde. Informe Técnico. Campanha Nacional de Vacinação Contra a Influenza – 2013. Brasília: Ministério da Saúde, 2013a.',
  urlLocal: '',
  urlExterno: 'http://portal.saude.gov.br/portal/arquivos/pdf/informe_tecnico_campanha_influenza_2013_svs_pni.pdf' }
ERRO: Arquivo http://portal.saude.gov.br/portal/arquivos/pdf/informe_tecnico_campanha_influenza_2013_svs_pni.pdf não é PDF. status text/html; charset=utf-8


Imunização em criança menor de um ano 51d2dad441e46f7048000000
{ linkTitulo: 'BRASIL. Ministério da Saúde. Fundação Nacional de Saúde. Manual de Normas de Vacinação. 3. ed. Brasília: Ministério da Saúde, 2001. ',
  urlLocal: '',
  urlExterno: 'http://portal.saude.gov.br/portal/arquivos/pdf/manu_normas_vac.pdf ' }
ERRO: Arquivo http://portal.saude.gov.br/portal/arquivos/pdf/manu_normas_vac.pdf  não é PDF. status text/html; charset=utf-8

/home/dev/test/casca/public/ppu/template /home/dev/test/casca/public/ppu/UFPEL_0001_CASOIMUNIZACRIAMENOSUMANO { filter: [Function] }

Tuberculose: da antiguidade para a atualidade 516e96e941e46f7445000000
{ urlExterno: 'http://portal.saude.gov.br/portal/arquivos/pdf/manual_de_recomendacoes_tb.pdf',
  urlLocal: '',
  linkTitulo: 'BRASIL. Ministério da Saúde. Secretaria de Vigilância em Saúde Programa Nacional de Controle da Tuberculose. Manual de recomendações para o controle da tuberculose no país. Brasília: Ministério da Saúde, 2011a, 186 p. ' }
ERRO: Arquivo http://portal.saude.gov.br/portal/arquivos/pdf/manual_de_recomendacoes_tb.pdf não é PDF. status text/html; charset=utf-8

/home/dev/test/casca/public/ppu/template /home/dev/test/casca/public/ppu/UFPEL_0001_CASOTUBERCULOSE { filter: [Function] }

Mal-estar e tontura na fila da UBS 502d3b04993f0969ec735595
{ urlExterno: 'http://www.diabetes.org.br/attachments/diretrizes09_final.pdf',
  urlLocal: '',
  linkTitulo: 'Diretrizes da Sociedade Brasileira de Diabetes 2009 / Sociedade brasileira.-[3.ed.].-Itapevi, SP: A.Araújo Silva Farmacêutica, 2009.' }
ERRO: Arquivo http://www.diabetes.org.br/attachments/diretrizes09_final.pdf não é PDF. status text/html; charset=utf-8


Mal-estar e tontura na fila da UBS 502d3b04993f0969ec735595
{ urlExterno: 'http://www.diabetes.org.br/attachments/posicionamento/posicionamento-sbd-n-03-2011.pdf',
  urlLocal: '',
  linkTitulo: 'Sociedade Brasileira de Diabetes. Algoritmo para o Tratamento do Diabetes Tipo 2. Atualização 2011. Posicionamento Oficial Sociedade Brasileira de Diabetes nº3 – 2011. Julho de 2011.' }
ERRO: Arquivo http://www.diabetes.org.br/attachments/posicionamento/posicionamento-sbd-n-03-2011.pdf não é PDF. status text/html; charset=utf-8

/home/dev/test/casca/public/ppu/template /home/dev/test/casca/public/ppu/UFPEL_0001_CASOTONTAFILAUBS { filter: [Function] }
/home/dev/test/casca/public/ppu/template /home/dev/test/casca/public/ppu/UFPEL_0001_CASOCRIADIARREIA { filter: [Function] }

Criança com falta de ar 4ed4d7872e38a6e9c32e6736
{ linkTitulo: 'Global Initiative for Asthma – Guia de bolso para o manejo e a prevenção da asma. Bethesda (MD):Organização Mundial da Saúde. 2003.',
  urlLocal: '',
  urlExterno: 'http://www.ginasthma.org/uploads/users/files/GINAPocket2003Port.pdf' }
ERRO: Arquivo http://www.ginasthma.org/uploads/users/files/GINAPocket2003Port.pdf não encontrado. status 404

/home/dev/test/casca/public/ppu/template /home/dev/test/casca/public/ppu/UFPEL_0001_CASOCRIAFALTAAR { filter: [Function] }

Eu não sou hipertensa! 501ae9d681c33f6365ed012c
{ linkTitulo: 'Schmidt A, Pazin-Filho A, Maciel BC. Medida indireta da pressão arterial sistêmica. Medicina, Ribeirão Preto, v. 37, p. 240-5, jul./dez. 2004.',
  urlLocal: '',
  urlExterno: 'http://www.fmrp.usp.br/revista/2004/vol37n3e4/5medida_indireta.pdf' }
ERRO: Arquivo http://www.fmrp.usp.br/revista/2004/vol37n3e4/5medida_indireta.pdf não encontrado. status 404

/home/dev/test/casca/public/ppu/template /home/dev/test/casca/public/ppu/UFPEL_0001_CASOLESAODORBOCA { filter: [Function] }
/home/dev/test/casca/public/ppu/template /home/dev/test/casca/public/ppu/UFPEL_0001_CASOTONTURAVERTIGEM { filter: [Function] }
/home/dev/test/casca/public/ppu/template /home/dev/test/casca/public/ppu/UFPEL_0001_CASOADCANCERCOLON { filter: [Function] }
/home/dev/test/casca/public/ppu/template /home/dev/test/casca/public/ppu/UFPEL_0001_CASOPUERICINCOMESES { filter: [Function] }
/home/dev/test/casca/public/ppu/template /home/dev/test/casca/public/ppu/UFPEL_0001_CASOULCERAMMII { filter: [Function] }
/home/dev/test/casca/public/ppu/template /home/dev/test/casca/public/ppu/UFPEL_0001_CASOPRENATALBAIXORISCO { filter: [Function] }
/home/dev/test/casca/public/ppu/template /home/dev/test/casca/public/ppu/UFPEL_0001_CASOCUIDAPALIAAPS { filter: [Function] }
/home/dev/test/casca/public/ppu/template /home/dev/test/casca/public/ppu/UFPEL_0001_CASOCUIDADOM { filter: [Function] }
/home/dev/test/casca/public/ppu/template /home/dev/test/casca/public/ppu/UFPEL_0001_CASOGESTACONSULTAEXAMESLAB { filter: [Function] }
/home/dev/test/casca/public/ppu/template /home/dev/test/casca/public/ppu/UFPEL_0001_CASOPUERILACTAFEBREDIFRESPIRA { filter: [Function] }
/home/dev/test/casca/public/ppu/template /home/dev/test/casca/public/ppu/UFPEL_0001_CASOALIMPRIMANOVIDA { filter: [Function] }
/home/dev/test/casca/public/ppu/template /home/dev/test/casca/public/ppu/UFPEL_0001_CASOLEUCORASTREACANCERGINECO { filter: [Function] }
/home/dev/test/casca/public/ppu/template /home/dev/test/casca/public/ppu/UFPEL_0001_CASOLESAPERIODONTO { filter: [Function] }
/home/dev/test/casca/public/ppu/template /home/dev/test/casca/public/ppu/UFPEL_0001_CASONAOSOUHIPER { filter: [Function] }
/home/dev/test/casca/public/ppu/template /home/dev/test/casca/public/ppu/UFPEL_0001_CASOCONSULTAPUERPERA { filter: [Function] }
/home/dev/test/casca/public/ppu/template /home/dev/test/casca/public/ppu/UFPEL_0001_CASOHANSENIASE { filter: [Function] }
